<?xml version="1.0" encoding="UTF-8"?>
<!-- Generated by org.testng.reporters.JUnitReportReporter -->
<testsuite skipped="0" hostname="suresh-PC" name="com.java.extentreport.Extent" tests="2" failures="0" timestamp="14 Jun 2020 03:07:29 GMT" time="14.517" errors="0">
  <testcase name="google" time="7.436" classname="com.java.extentreport.Extent"/>
  <testcase name="bing" time="7.081" classname="com.java.extentreport.Extent"/>
</testsuite> <!-- com.java.extentreport.Extent -->
